<?xml version="1.0" encoding="UTF-8"?>
<testng-results skipped="0" failed="0" total="1" passed="1">
  <reporter-output>
  </reporter-output>
  <suite name="Default suite" duration-ms="55" started-at="2018-03-02T05:09:47Z" finished-at="2018-03-02T05:09:48Z">
    <groups>
    </groups>
    <test name="Default test" duration-ms="55" started-at="2018-03-02T05:09:47Z" finished-at="2018-03-02T05:09:48Z">
      <class name="Sample">
        <test-method status="PASS" signature="create()[pri:0, instance:Sample@57fffcd7]" name="create" duration-ms="33" started-at="2018-03-02T10:39:47Z" finished-at="2018-03-02T10:39:48Z">
          <reporter-output>
          </reporter-output>
        </test-method> <!-- create -->
      </class> <!-- Sample -->
    </test> <!-- Default test -->
  </suite> <!-- Default suite -->
</testng-results>
