<?xml version="1.0" encoding="UTF-8"?>
<testng-results skipped="0" failed="0" ignored="0" total="1" passed="1">
  <reporter-output>
  </reporter-output>
  <suite name="Default suite" duration-ms="11344" started-at="2018-03-02T13:12:49Z" finished-at="2018-03-02T13:13:00Z">
    <groups>
    </groups>
    <test name="Default test" duration-ms="11344" started-at="2018-03-02T13:12:49Z" finished-at="2018-03-02T13:13:00Z">
      <class name="com.url.test.RegesterTest">
        <test-method status="PASS" signature="preCondition()[pri:0, instance:com.url.test.RegesterTest@1b604f19]" name="preCondition" is-config="true" duration-ms="7309" started-at="2018-03-02T18:42:49Z" finished-at="2018-03-02T18:42:56Z">
          <reporter-output>
          </reporter-output>
        </test-method> <!-- preCondition -->
        <test-method status="PASS" signature="Run()[pri:0, instance:com.url.test.RegesterTest@1b604f19]" name="Run" duration-ms="3840" started-at="2018-03-02T18:42:56Z" finished-at="2018-03-02T18:43:00Z">
          <reporter-output>
          </reporter-output>
        </test-method> <!-- Run -->
        <test-method status="PASS" signature="postConditions()[pri:0, instance:com.url.test.RegesterTest@1b604f19]" name="postConditions" is-config="true" duration-ms="164" started-at="2018-03-02T18:43:00Z" finished-at="2018-03-02T18:43:00Z">
          <reporter-output>
          </reporter-output>
        </test-method> <!-- postConditions -->
      </class> <!-- com.url.test.RegesterTest -->
    </test> <!-- Default test -->
  </suite> <!-- Default suite -->
</testng-results>
